<?xml version="1.0" encoding="UTF-8"?>
<!-- Generated by org.testng.reporters.JUnitReportReporter -->
<testsuite hostname="DESKTOP-VAOA9FE" failures="0" tests="10" name="by.bsu.pagefactoryselenium.HomePageTest" time="0.000" errors="0" timestamp="03 янв. 2019 10:54:48 GMT" skipped="10">
  <testcase classname="by.bsu.pagefactoryselenium.HomePageTest" name="shouldCookiesBannerClosedWhenTheyAccepted" time="0.000">
    <skipped/>
  </testcase> <!-- shouldCookiesBannerClosedWhenTheyAccepted -->
  <testcase classname="by.bsu.pagefactoryselenium.HomePageTest" name="shouldSubscribeFormThrowErrorWhenEnteredBadValue" time="0.000">
    <skipped/>
  </testcase> <!-- shouldSubscribeFormThrowErrorWhenEnteredBadValue -->
  <testcase classname="by.bsu.pagefactoryselenium.HomePageTest" name="shoudFormClosed" time="0.000">
    <skipped/>
  </testcase> <!-- shoudFormClosed -->
  <testcase classname="by.bsu.pagefactoryselenium.HomePageTest" name="shouldCannotBookAFlightWithoutValues" time="0.000">
    <skipped/>
  </testcase> <!-- shouldCannotBookAFlightWithoutValues -->
  <testcase classname="by.bsu.pagefactoryselenium.HomePageTest" name="shouldSuggestedTextChangedToEnglishLangWhenEnglishClicked" time="0.000">
    <skipped/>
  </testcase> <!-- shouldSuggestedTextChangedToEnglishLangWhenEnglishClicked -->
  <testcase classname="by.bsu.pagefactoryselenium.HomePageTest" name="shouldReturnInputDisabledWhenOneWayBtnClicked" time="0.000">
    <skipped/>
  </testcase> <!-- shouldReturnInputDisabledWhenOneWayBtnClicked -->
  <testcase classname="by.bsu.pagefactoryselenium.HomePageTest" name="shouldManageFormOpenedAfterClickingOpenButton" time="0.000">
    <skipped/>
  </testcase> <!-- shouldManageFormOpenedAfterClickingOpenButton -->
  <testcase classname="by.bsu.pagefactoryselenium.HomePageTest" name="shouldReturnInputBecomesActiveWhenTwoWayBtnClicked" time="0.000">
    <skipped/>
  </testcase> <!-- shouldReturnInputBecomesActiveWhenTwoWayBtnClicked -->
  <testcase classname="by.bsu.pagefactoryselenium.HomePageTest" name="shouldBookingFormOpenedAfterClickingOpenButton" time="0.000">
    <skipped/>
  </testcase> <!-- shouldBookingFormOpenedAfterClickingOpenButton -->
  <testcase classname="by.bsu.pagefactoryselenium.HomePageTest" name="shoudErrorMessageShownWhenBadValuesSetted" time="0.000">
    <skipped/>
  </testcase> <!-- shoudErrorMessageShownWhenBadValuesSetted -->
</testsuite> <!-- by.bsu.pagefactoryselenium.HomePageTest -->
